C51 COMPILER V9.01   接收                                                                  02/23/2016 11:47:24 PAGE 1   


C51 COMPILER V9.01, COMPILATION OF MODULE 接收
OBJECT MODULE PLACED IN 接收.OBJ
COMPILER INVOKED BY: D:\软件安装目录\keil4安装目录\C51\BIN\C51.EXE 接收.c BROWSE DEBUG OBJECTEXTEND

line level    source

   1          #include <reg52.H>
   2          #include "uart.h"
   3          #include "NRF24L01.h"
   4          
   5          #define uchar unsigned char
   6          #define uint unsigned int
   7          
   8          /*******************************************************************************
   9          * 功能描述 : 主函数
  10          * 函数属性 : 
  11          * 输入参数 : 
  12          * 返回参数 : 
  13          * 函数详解 : 
  14          *******************************************************************************/
  15          
  16          
  17          void Delay500ms()               //@11.0592MHz
  18          {
  19   1              unsigned char i, j, k;
  20   1      
  21   1              _nop_();
  22   1              i = 4;
  23   1              j = 129;
  24   1              k = 119;
  25   1              do
  26   1              {
  27   2                      do
  28   2                      {
  29   3                              while (--k);
  30   3                      } while (--j);
  31   2              } while (--i);
  32   1      }
  33          
  34          void main(void)
  35          {
  36   1              //请到头文件中修改数据的宽度，以保证匹配
  37   1              uchar i = 0;
  38   1              uchar a[Rx_Data_Width] = 0;//定义用户缓冲区，接收到的数据保存于此
  39   1              
  40   1              UartInit();
  41   1              init_NRF24L01() ;
  42   1              
  43   1              UART_Send_Str("开始接收信息\r\n\r\n\r\n");
  44   1              UART_Send_Str("Recive: ");
  45   1              
  46   1              while(1)
  47   1              {
  48   2                      if(NRF24L01_RxPacket(a))
  49   2                      {
  50   3      //                      UART_Send_Str("Recive: ");
  51   3                              
  52   3                              for(i=0;i<3;i++)
  53   3                              {
  54   4                                      UART_Send_Byte(a[i]);
  55   4                              }
C51 COMPILER V9.01   接收                                                                  02/23/2016 11:47:24 PAGE 2   

  56   3                              //判读Tx_DS,如果模块的连接不正常，将没有串口、LED的提示
  57   3                              UART_Send_Str("\r\n");
  58   3      //                      Delay500ms()    ;
  59   3                }
  60   2                       
  61   2              }       
  62   1      
  63   1      }       


MODULE INFORMATION:   STATIC OVERLAYABLE
   CODE SIZE        =    103    ----
   CONSTANT SIZE    =     34    ----
   XDATA SIZE       =   ----    ----
   PDATA SIZE       =   ----    ----
   DATA SIZE        =   ----       4
   IDATA SIZE       =   ----    ----
   BIT SIZE         =   ----    ----
END OF MODULE INFORMATION.


C51 COMPILATION COMPLETE.  0 WARNING(S),  0 ERROR(S)
