C51 COMPILER V9.01   BSTV51                                                                01/30/2016 14:53:50 PAGE 1   


C51 COMPILER V9.01, COMPILATION OF MODULE BSTV51
OBJECT MODULE PLACED IN bstv51.OBJ
COMPILER INVOKED BY: D:\软件安装目录\keil4安装目录\C51\BIN\C51.EXE bstv51.c BROWSE DEBUG OBJECTEXTEND

line level    source

   1          
   2          #include <reg52.h>
   3          #include "bstv51.h"
   4          
   5          
   6          void bstv51_init(void)
   7          {
   8   1              /* 引脚方向、输出初值定义 */
   9   1              FM=1;/*蜂鸣器*/
  10   1              EN=0;/*让LCD1602数据口处于输入状态，相当于LCD1602使不能，让其释放数据总线*/
  11   1              CS=1;/*TF卡使不能*/
  12   1              RST=0;/*ds1302使不能*/
  13   1      }
  14          


MODULE INFORMATION:   STATIC OVERLAYABLE
   CODE SIZE        =      9    ----
   CONSTANT SIZE    =   ----    ----
   XDATA SIZE       =   ----    ----
   PDATA SIZE       =   ----    ----
   DATA SIZE        =   ----    ----
   IDATA SIZE       =   ----    ----
   BIT SIZE         =   ----    ----
END OF MODULE INFORMATION.


C51 COMPILATION COMPLETE.  0 WARNING(S),  0 ERROR(S)
