C51 COMPILER V9.01   MAIN                                                                  07/29/2016 07:43:46 PAGE 1   


C51 COMPILER V9.01, COMPILATION OF MODULE MAIN
OBJECT MODULE PLACED IN main.OBJ
COMPILER INVOKED BY: D:\软件安装目录\keil4安装目录\C51\BIN\C51.EXE main.c BROWSE DEBUG OBJECTEXTEND

line level    source

   1          /*********************************************************************************
   2          *实验名   ：串口通讯实验
   3          *实验效果 ：
   4                      将收到的数据发送回给计算机，可在串口助手上显示
   5          *波特率 ：9600
   6          *
   7          *********************************************************************************/
   8          #include<reg52.h>
   9          
  10          
  11          #define uchar unsigned char //8 0-255
  12          void UartConfiguration();
  13          
  14          void main()
  15          {
  16   1              UartConfiguration();
  17   1              while(1)
  18   1              {
  19   2              }
  20   1      
  21   1      }
  22          
  23          void UartConfiguration()
  24          {
  25   1          TMOD=0x20;      //设置计数器1的工作方式2
  26   1              TH1=0xfd;                       //设置计数器1的初值，决定波特率
  27   1              TL1=0xfd;                       //设置计数器1的初值，决定波特率
  28   1              PCON=0x00;      // 波特率倍增0x00不加倍  0x80加倍
  29   1              SCON=0x50;              //设置工作方式1 开启接受允许
  30   1              EA=1;               //开启总中断
  31   1              ES=1;                   //开启串口接受中断
  32   1              TR1=1;                  //计数器1开始运行
  33   1      }
  34          
  35          void Uart() interrupt 4
  36          {
  37   1          uchar date;
  38   1      
  39   1              date=SBUF;        //取出接受到的数据
  40   1              if(date == 2+0X30)
  41   1              {
  42   2                      P1 = ~P1;
  43   2              }
  44   1              RI=0;                     //清除接受中断标志位
  45   1              SBUF=date;                //接收到的数据放入发送缓存器发送
  46   1              while(!TI);        //等待发送数据完成
  47   1              TI=0;                           //清除发送完成标志位
  48   1      
  49   1      }


MODULE INFORMATION:   STATIC OVERLAYABLE
   CODE SIZE        =     56    ----
   CONSTANT SIZE    =   ----    ----
   XDATA SIZE       =   ----    ----
C51 COMPILER V9.01   MAIN                                                                  07/29/2016 07:43:46 PAGE 2   

   PDATA SIZE       =   ----    ----
   DATA SIZE        =   ----    ----
   IDATA SIZE       =   ----    ----
   BIT SIZE         =   ----    ----
END OF MODULE INFORMATION.


C51 COMPILATION COMPLETE.  0 WARNING(S),  0 ERROR(S)
