C51 COMPILER V9.01   MAIN                                                                  01/28/2016 14:47:53 PAGE 1   


C51 COMPILER V9.01, COMPILATION OF MODULE MAIN
OBJECT MODULE PLACED IN main.OBJ
COMPILER INVOKED BY: D:\软件安装目录\keil4安装目录\C51\BIN\C51.EXE main.c BROWSE DEBUG OBJECTEXTEND

line level    source

   1          /*******************************************************************************
   2          *文件名     : main.c
   3          *作用       : 串口测试程序
   4          *原理       : 无
   5          ********************************************************************************
   6          *版本     作者            日期            说明
   7          *V0.1     Njh           2015/08/05     初始版本
   8          ********************************************************************************/
   9          #include "uart.h"
  10          #include "intrins.h"
  11          
  12          
  13          /*******************************************************************************
  14          * 功能描述 : 延时函数
  15          * 函数属性 : 外部
  16          * 输入参数 : unsigned char x,要发送的数值
  17          * 返回参数 : 无
  18          * 函数详解 : 
  19                
  20          *******************************************************************************/
  21          void Delay100ms(unsigned char x)                //@11.0592MHz
  22          {
  23   1              unsigned char i, j, k;
  24   1      
  25   1         for(x = x;x>0;x--)
  26   1         {
  27   2                      _nop_();
  28   2                      _nop_();
  29   2                      i = 5;
  30   2                      j = 52;
  31   2                      k = 195;
  32   2                      do
  33   2                      {
  34   3                              do
  35   3                              {
  36   4                                      while (--k);
  37   4                              } while (--j);
  38   3                      } while (--i);
  39   2              }
  40   1      }
  41          
  42          
  43          void main(void)
  44          {
  45   1              int num = 0;
  46   1      
  47   1              UartInit();        //初始化串口中断
  48   1              
  49   1              while(1)
  50   1              {
  51   2                      Delay100ms(10);
  52   2                      num++;
  53   2                      UART_Send_Byte(num+'0');        //发送字节
  54   2                      UART_Send_Str("\n");
  55   2                      UART_Send_Str("字符串发送成功\n");      //发送字符串
C51 COMPILER V9.01   MAIN                                                                  01/28/2016 14:47:53 PAGE 2   

  56   2                      if(num == 9)
  57   2                              num = 0;
  58   2              }       
  59   1      
  60   1      }
  61          


MODULE INFORMATION:   STATIC OVERLAYABLE
   CODE SIZE        =     83    ----
   CONSTANT SIZE    =     18    ----
   XDATA SIZE       =   ----    ----
   PDATA SIZE       =   ----    ----
   DATA SIZE        =   ----       2
   IDATA SIZE       =   ----    ----
   BIT SIZE         =   ----    ----
END OF MODULE INFORMATION.


C51 COMPILATION COMPLETE.  0 WARNING(S),  0 ERROR(S)
